============================= test session starts ==============================
platform darwin -- Python 3.12.7, pytest-7.4.3, pluggy-1.6.0
rootdir: /Users/bwt/demo2
plugins: flask-1.3.0
collected 49 items

simple_test.py ...                                                       [  6%]
tests/test_auth_api.py EEEEEEEEEEEEEEEEEEE                               [ 44%]
tests/test_auth_service.py EEEEEEEEEEEEEEEEE                             [ 79%]
tests/test_user_model.py EEEEEEEEEE                                      [100%]

==================================== ERRORS ====================================
_____________ ERROR at setup of TestAuthAPI.test_register_success ______________

self = <sqlalchemy.engine.base.Connection object at 0x106418980>
dialect = <sqlalchemy.dialects.sqlite.pysqlite.SQLiteDialect_pysqlite object at 0x1067789b0>
context = <sqlalchemy.dialects.sqlite.base.SQLiteExecutionContext object at 0x106793a10>
statement = <sqlalchemy.dialects.sqlite.base.SQLiteDDLCompiler object at 0x10670dd60>
parameters = [()]

    def _exec_single_context(
        self,
        dialect: Dialect,
        context: ExecutionContext,
        statement: Union[str, Compiled],
        parameters: Optional[_AnyMultiExecuteParams],
    ) -> CursorResult[Any]:
        """continue the _execute_context() method for a single DBAPI
        cursor.execute() or cursor.executemany() call.
    
        """
        if dialect.bind_typing is BindTyping.SETINPUTSIZES:
            generic_setinputsizes = context._prepare_set_input_sizes()
    
            if generic_setinputsizes:
                try:
                    dialect.do_set_input_sizes(
                        context.cursor, generic_setinputsizes, context
                    )
                except BaseException as e:
                    self._handle_dbapi_exception(
                        e, str(statement), parameters, None, context
                    )
    
        cursor, str_statement, parameters = (
            context.cursor,
            context.statement,
            context.parameters,
        )
    
        effective_parameters: Optional[_AnyExecuteParams]
    
        if not context.executemany:
            effective_parameters = parameters[0]
        else:
            effective_parameters = parameters
    
        if self._has_events or self.engine._has_events:
            for fn in self.dispatch.before_cursor_execute:
                str_statement, effective_parameters = fn(
                    self,
                    cursor,
                    str_statement,
                    effective_parameters,
                    context,
                    context.executemany,
                )
    
        if self._echo:
            self._log_info(str_statement)
    
            stats = context._get_cache_stats()
    
            if not self.engine.hide_parameters:
                self._log_info(
                    "[%s] %r",
                    stats,
                    sql_util._repr_params(
                        effective_parameters,
                        batches=10,
                        ismulti=context.executemany,
                    ),
                )
            else:
                self._log_info(
                    "[%s] [SQL parameters hidden due to hide_parameters=True]",
                    stats,
                )
    
        evt_handled: bool = False
        try:
            if context.execute_style is ExecuteStyle.EXECUTEMANY:
                effective_parameters = cast(
                    "_CoreMultiExecuteParams", effective_parameters
                )
                if self.dialect._has_events:
                    for fn in self.dialect.dispatch.do_executemany:
                        if fn(
                            cursor,
                            str_statement,
                            effective_parameters,
                            context,
                        ):
                            evt_handled = True
                            break
                if not evt_handled:
                    self.dialect.do_executemany(
                        cursor,
                        str_statement,
                        effective_parameters,
                        context,
                    )
            elif not effective_parameters and context.no_parameters:
                if self.dialect._has_events:
                    for fn in self.dialect.dispatch.do_execute_no_params:
                        if fn(cursor, str_statement, context):
                            evt_handled = True
                            break
                if not evt_handled:
                    self.dialect.do_execute_no_params(
                        cursor, str_statement, context
                    )
            else:
                effective_parameters = cast(
                    "_CoreSingleExecuteParams", effective_parameters
                )
                if self.dialect._has_events:
                    for fn in self.dialect.dispatch.do_execute:
                        if fn(
                            cursor,
                            str_statement,
                            effective_parameters,
                            context,
                        ):
                            evt_handled = True
                            break
                if not evt_handled:
>                   self.dialect.do_execute(
                        cursor, str_statement, effective_parameters, context
                    )

venv/lib/python3.12/site-packages/sqlalchemy/engine/base.py:1969: 
_ _ _ _ _ _ _ _ _ _ _ _ _ _ _ _ _ _ _ _ _ _ _ _ _ _ _ _ _ _ _ _ _ _ _ _ _ _ _ _ 

self = <sqlalchemy.dialects.sqlite.pysqlite.SQLiteDialect_pysqlite object at 0x1067789b0>
cursor = <sqlite3.Cursor object at 0x1067b7540>
statement = 'CREATE INDEX ix_game_sessions_answer_word ON game_sessions (answer_word)'
parameters = ()
context = <sqlalchemy.dialects.sqlite.base.SQLiteExecutionContext object at 0x106793a10>

    def do_execute(self, cursor, statement, parameters, context=None):
>       cursor.execute(statement, parameters)
E       sqlite3.OperationalError: index ix_game_sessions_answer_word already exists

venv/lib/python3.12/site-packages/sqlalchemy/engine/default.py:922: OperationalError

The above exception was the direct cause of the following exception:

request = <SubRequest '_configure_application' for <Function test_register_success>>
monkeypatch = <_pytest.monkeypatch.MonkeyPatch object at 0x106419130>

    @pytest.fixture(autouse=True)
    def _configure_application(request, monkeypatch):
        """Use `pytest.mark.options` decorator to pass options to your application
        factory::
    
            @pytest.mark.options(debug=False)
            def test_something(app):
                assert not app.debug, 'the application works not in debug mode!'
    
        """
        if "app" not in request.fixturenames:
            return
    
>       app = getfixturevalue(request, "app")

venv/lib/python3.12/site-packages/pytest_flask/plugin.py:124: 
_ _ _ _ _ _ _ _ _ _ _ _ _ _ _ _ _ _ _ _ _ _ _ _ _ _ _ _ _ _ _ _ _ _ _ _ _ _ _ _ 
venv/lib/python3.12/site-packages/pytest_flask/pytest_compat.py:3: in getfixturevalue
    return request.getfixturevalue(value)
tests/conftest.py:22: in app
    db.create_all()
venv/lib/python3.12/site-packages/flask_sqlalchemy/extension.py:900: in create_all
    self._call_for_binds(bind_key, "create_all")
venv/lib/python3.12/site-packages/flask_sqlalchemy/extension.py:881: in _call_for_binds
    getattr(metadata, op_name)(bind=engine)
venv/lib/python3.12/site-packages/sqlalchemy/sql/schema.py:5828: in create_all
    bind._run_ddl_visitor(
venv/lib/python3.12/site-packages/sqlalchemy/engine/base.py:3243: in _run_ddl_visitor
    conn._run_ddl_visitor(visitorcallable, element, **kwargs)
venv/lib/python3.12/site-packages/sqlalchemy/engine/base.py:2447: in _run_ddl_visitor
    visitorcallable(self.dialect, self, **kwargs).traverse_single(element)
venv/lib/python3.12/site-packages/sqlalchemy/sql/visitors.py:671: in traverse_single
    return meth(obj, **kw)
venv/lib/python3.12/site-packages/sqlalchemy/sql/ddl.py:919: in visit_metadata
    self.traverse_single(
venv/lib/python3.12/site-packages/sqlalchemy/sql/visitors.py:671: in traverse_single
    return meth(obj, **kw)
venv/lib/python3.12/site-packages/sqlalchemy/sql/ddl.py:961: in visit_table
    self.traverse_single(index, create_ok=True)
venv/lib/python3.12/site-packages/sqlalchemy/sql/visitors.py:671: in traverse_single
    return meth(obj, **kw)
venv/lib/python3.12/site-packages/sqlalchemy/sql/ddl.py:998: in visit_index
    CreateIndex(index)._invoke_with(self.connection)
venv/lib/python3.12/site-packages/sqlalchemy/sql/ddl.py:315: in _invoke_with
    return bind.execute(self)
venv/lib/python3.12/site-packages/sqlalchemy/engine/base.py:1416: in execute
    return meth(
venv/lib/python3.12/site-packages/sqlalchemy/sql/ddl.py:181: in _execute_on_connection
    return connection._execute_ddl(
venv/lib/python3.12/site-packages/sqlalchemy/engine/base.py:1528: in _execute_ddl
    ret = self._execute_context(
venv/lib/python3.12/site-packages/sqlalchemy/engine/base.py:1848: in _execute_context
    return self._exec_single_context(
venv/lib/python3.12/site-packages/sqlalchemy/engine/base.py:1988: in _exec_single_context
    self._handle_dbapi_exception(
venv/lib/python3.12/site-packages/sqlalchemy/engine/base.py:2343: in _handle_dbapi_exception
    raise sqlalchemy_exception.with_traceback(exc_info[2]) from e
venv/lib/python3.12/site-packages/sqlalchemy/engine/base.py:1969: in _exec_single_context
    self.dialect.do_execute(
_ _ _ _ _ _ _ _ _ _ _ _ _ _ _ _ _ _ _ _ _ _ _ _ _ _ _ _ _ _ _ _ _ _ _ _ _ _ _ _ 

self = <sqlalchemy.dialects.sqlite.pysqlite.SQLiteDialect_pysqlite object at 0x1067789b0>
cursor = <sqlite3.Cursor object at 0x1067b7540>
statement = 'CREATE INDEX ix_game_sessions_answer_word ON game_sessions (answer_word)'
parameters = ()
context = <sqlalchemy.dialects.sqlite.base.SQLiteExecutionContext object at 0x106793a10>

    def do_execute(self, cursor, statement, parameters, context=None):
>       cursor.execute(statement, parameters)
E       sqlalchemy.exc.OperationalError: (sqlite3.OperationalError) index ix_game_sessions_answer_word already exists
E       [SQL: CREATE INDEX ix_game_sessions_answer_word ON game_sessions (answer_word)]
E       (Background on this error at: https://sqlalche.me/e/20/e3q8)

venv/lib/python3.12/site-packages/sqlalchemy/engine/default.py:922: OperationalError
---------------------------- Captured stdout setup -----------------------------

Registered routes:
static                         GET,HEAD,OPTIONS     /static/<path:filename>
auth.register                  OPTIONS,POST         /api/auth/register
auth.login                     OPTIONS,POST         /api/auth/login
auth.refresh                   OPTIONS,POST         /api/auth/refresh
auth.get_current_user          GET,HEAD,OPTIONS     /api/auth/me
game.get_daily_puzzle          GET,HEAD,OPTIONS     /api/game/daily/<game_mode>
game.submit_guess              OPTIONS,POST         /api/game/guess
game.get_game_session          GET,HEAD,OPTIONS     /api/game/session/<int:session_id>
game.validate_word             OPTIONS,POST         /api/game/validate
game.get_game_history          GET,HEAD,OPTIONS     /api/game/history/<game_mode>
game.get_game_modes            GET,HEAD,OPTIONS     /api/game/modes
game.get_game_status           GET,HEAD,OPTIONS     /api/game/status/<game_mode>
game.start_new_game            OPTIONS,POST         /api/game/new/<game_mode>
stats.get_user_stats           GET,HEAD,OPTIONS     /api/stats/user/<int:user_id>
stats.get_my_stats             GET,HEAD,OPTIONS     /api/stats/me
stats.get_leaderboard          GET,HEAD,OPTIONS     /api/stats/leaderboard/<game_mode>
stats.get_global_stats         GET,HEAD,OPTIONS     /api/stats/global/<game_mode>
stats.get_user_rank            GET,HEAD,OPTIONS     /api/stats/rank/<game_mode>
stats.get_streak_analysis      GET,HEAD,OPTIONS     /api/stats/streak/<game_mode>
stats.get_stats_summary        GET,HEAD,OPTIONS     /api/stats/summary
health.health_check            GET,HEAD,OPTIONS     /api/health
health.metrics                 GET,HEAD,OPTIONS     /api/metrics
main.index                     GET,HEAD,OPTIONS     /
main.auth_login                GET,HEAD,OPTIONS     /auth/login
main.auth_register             GET,HEAD,OPTIONS     /auth/register
main.game                      GET,HEAD,OPTIONS     /game
main.stats                     GET,HEAD,OPTIONS     /stats
main.history                   GET,HEAD,OPTIONS     /history

__________ ERROR at setup of TestAuthAPI.test_register_missing_fields __________

self = <sqlalchemy.engine.base.Connection object at 0x106750290>
dialect = <sqlalchemy.dialects.sqlite.pysqlite.SQLiteDialect_pysqlite object at 0x10673ae10>
context = <sqlalchemy.dialects.sqlite.base.SQLiteExecutionContext object at 0x1067516a0>
statement = <sqlalchemy.dialects.sqlite.base.SQLiteDDLCompiler object at 0x106751a00>
parameters = [()]

    def _exec_single_context(
        self,
        dialect: Dialect,
        context: ExecutionContext,
        statement: Union[str, Compiled],
        parameters: Optional[_AnyMultiExecuteParams],
    ) -> CursorResult[Any]:
        """continue the _execute_context() method for a single DBAPI
        cursor.execute() or cursor.executemany() call.
    
        """
        if dialect.bind_typing is BindTyping.SETINPUTSIZES:
            generic_setinputsizes = context._prepare_set_input_sizes()
    
            if generic_setinputsizes:
                try:
                    dialect.do_set_input_sizes(
                        context.cursor, generic_setinputsizes, context
                    )
                except BaseException as e:
                    self._handle_dbapi_exception(
                        e, str(statement), parameters, None, context
                    )
    
        cursor, str_statement, parameters = (
            context.cursor,
            context.statement,
            context.parameters,
        )
    
        effective_parameters: Optional[_AnyExecuteParams]
    
        if not context.executemany:
            effective_parameters = parameters[0]
        else:
            effective_parameters = parameters
    
        if self._has_events or self.engine._has_events:
            for fn in self.dispatch.before_cursor_execute:
                str_statement, effective_parameters = fn(
                    self,
                    cursor,
                    str_statement,
                    effective_parameters,
                    context,
                    context.executemany,
                )
    
        if self._echo:
            self._log_info(str_statement)
    
            stats = context._get_cache_stats()
    
            if not self.engine.hide_parameters:
                self._log_info(
                    "[%s] %r",
                    stats,
                    sql_util._repr_params(
                        effective_parameters,
                        batches=10,
                        ismulti=context.executemany,
                    ),
                )
            else:
                self._log_info(
                    "[%s] [SQL parameters hidden due to hide_parameters=True]",
                    stats,
                )
    
        evt_handled: bool = False
        try:
            if context.execute_style is ExecuteStyle.EXECUTEMANY:
                effective_parameters = cast(
                    "_CoreMultiExecuteParams", effective_parameters
                )
                if self.dialect._has_events:
                    for fn in self.dialect.dispatch.do_executemany:
                        if fn(
                            cursor,
                            str_statement,
                            effective_parameters,
                            context,
                        ):
                            evt_handled = True
                            break
                if not evt_handled:
                    self.dialect.do_executemany(
                        cursor,
                        str_statement,
                        effective_parameters,
                        context,
                    )
            elif not effective_parameters and context.no_parameters:
                if self.dialect._has_events:
                    for fn in self.dialect.dispatch.do_execute_no_params:
                        if fn(cursor, str_statement, context):
                            evt_handled = True
                            break
                if not evt_handled:
                    self.dialect.do_execute_no_params(
                        cursor, str_statement, context
                    )
            else:
                effective_parameters = cast(
                    "_CoreSingleExecuteParams", effective_parameters
                )
                if self.dialect._has_events:
                    for fn in self.dialect.dispatch.do_execute:
                        if fn(
                            cursor,
                            str_statement,
                            effective_parameters,
                            context,
                        ):
                            evt_handled = True
                            break
                if not evt_handled:
>                   self.dialect.do_execute(
                        cursor, str_statement, effective_parameters, context
                    )

venv/lib/python3.12/site-packages/sqlalchemy/engine/base.py:1969: 
_ _ _ _ _ _ _ _ _ _ _ _ _ _ _ _ _ _ _ _ _ _ _ _ _ _ _ _ _ _ _ _ _ _ _ _ _ _ _ _ 

self = <sqlalchemy.dialects.sqlite.pysqlite.SQLiteDialect_pysqlite object at 0x10673ae10>
cursor = <sqlite3.Cursor object at 0x107422e40>
statement = 'CREATE INDEX ix_game_sessions_answer_word ON game_sessions (answer_word)'
parameters = ()
context = <sqlalchemy.dialects.sqlite.base.SQLiteExecutionContext object at 0x1067516a0>

    def do_execute(self, cursor, statement, parameters, context=None):
>       cursor.execute(statement, parameters)
E       sqlite3.OperationalError: index ix_game_sessions_answer_word already exists

venv/lib/python3.12/site-packages/sqlalchemy/engine/default.py:922: OperationalError

The above exception was the direct cause of the following exception:

request = <SubRequest '_configure_application' for <Function test_register_missing_fields>>
monkeypatch = <_pytest.monkeypatch.MonkeyPatch object at 0x10673a4e0>

    @pytest.fixture(autouse=True)
    def _configure_application(request, monkeypatch):
        """Use `pytest.mark.options` decorator to pass options to your application
        factory::
    
            @pytest.mark.options(debug=False)
            def test_something(app):
                assert not app.debug, 'the application works not in debug mode!'
    
        """
        if "app" not in request.fixturenames:
            return
    
>       app = getfixturevalue(request, "app")

venv/lib/python3.12/site-packages/pytest_flask/plugin.py:124: 
_ _ _ _ _ _ _ _ _ _ _ _ _ _ _ _ _ _ _ _ _ _ _ _ _ _ _ _ _ _ _ _ _ _ _ _ _ _ _ _ 
venv/lib/python3.12/site-packages/pytest_flask/pytest_compat.py:3: in getfixturevalue
    return request.getfixturevalue(value)
tests/conftest.py:22: in app
    db.create_all()
venv/lib/python3.12/site-packages/flask_sqlalchemy/extension.py:900: in create_all
    self._call_for_binds(bind_key, "create_all")
venv/lib/python3.12/site-packages/flask_sqlalchemy/extension.py:881: in _call_for_binds
    getattr(metadata, op_name)(bind=engine)
venv/lib/python3.12/site-packages/sqlalchemy/sql/schema.py:5828: in create_all
    bind._run_ddl_visitor(
venv/lib/python3.12/site-packages/sqlalchemy/engine/base.py:3243: in _run_ddl_visitor
    conn._run_ddl_visitor(visitorcallable, element, **kwargs)
venv/lib/python3.12/site-packages/sqlalchemy/engine/base.py:2447: in _run_ddl_visitor
    visitorcallable(self.dialect, self, **kwargs).traverse_single(element)
venv/lib/python3.12/site-packages/sqlalchemy/sql/visitors.py:671: in traverse_single
    return meth(obj, **kw)
venv/lib/python3.12/site-packages/sqlalchemy/sql/ddl.py:919: in visit_metadata
    self.traverse_single(
venv/lib/python3.12/site-packages/sqlalchemy/sql/visitors.py:671: in traverse_single
    return meth(obj, **kw)
venv/lib/python3.12/site-packages/sqlalchemy/sql/ddl.py:961: in visit_table
    self.traverse_single(index, create_ok=True)
venv/lib/python3.12/site-packages/sqlalchemy/sql/visitors.py:671: in traverse_single
    return meth(obj, **kw)
venv/lib/python3.12/site-packages/sqlalchemy/sql/ddl.py:998: in visit_index
    CreateIndex(index)._invoke_with(self.connection)
venv/lib/python3.12/site-packages/sqlalchemy/sql/ddl.py:315: in _invoke_with
    return bind.execute(self)
venv/lib/python3.12/site-packages/sqlalchemy/engine/base.py:1416: in execute
    return meth(
venv/lib/python3.12/site-packages/sqlalchemy/sql/ddl.py:181: in _execute_on_connection
    return connection._execute_ddl(
venv/lib/python3.12/site-packages/sqlalchemy/engine/base.py:1528: in _execute_ddl
    ret = self._execute_context(
venv/lib/python3.12/site-packages/sqlalchemy/engine/base.py:1848: in _execute_context
    return self._exec_single_context(
venv/lib/python3.12/site-packages/sqlalchemy/engine/base.py:1988: in _exec_single_context
    self._handle_dbapi_exception(
venv/lib/python3.12/site-packages/sqlalchemy/engine/base.py:2343: in _handle_dbapi_exception
    raise sqlalchemy_exception.with_traceback(exc_info[2]) from e
venv/lib/python3.12/site-packages/sqlalchemy/engine/base.py:1969: in _exec_single_context
    self.dialect.do_execute(
_ _ _ _ _ _ _ _ _ _ _ _ _ _ _ _ _ _ _ _ _ _ _ _ _ _ _ _ _ _ _ _ _ _ _ _ _ _ _ _ 

self = <sqlalchemy.dialects.sqlite.pysqlite.SQLiteDialect_pysqlite object at 0x10673ae10>
cursor = <sqlite3.Cursor object at 0x107422e40>
statement = 'CREATE INDEX ix_game_sessions_answer_word ON game_sessions (answer_word)'
parameters = ()
context = <sqlalchemy.dialects.sqlite.base.SQLiteExecutionContext object at 0x1067516a0>

    def do_execute(self, cursor, statement, parameters, context=None):
>       cursor.execute(statement, parameters)
E       sqlalchemy.exc.OperationalError: (sqlite3.OperationalError) index ix_game_sessions_answer_word already exists
E       [SQL: CREATE INDEX ix_game_sessions_answer_word ON game_sessions (answer_word)]
E       (Background on this error at: https://sqlalche.me/e/20/e3q8)

venv/lib/python3.12/site-packages/sqlalchemy/engine/default.py:922: OperationalError
---------------------------- Captured stdout setup -----------------------------

Registered routes:
static                         GET,HEAD,OPTIONS     /static/<path:filename>
auth.register                  OPTIONS,POST         /api/auth/register
auth.login                     OPTIONS,POST         /api/auth/login
auth.refresh                   OPTIONS,POST         /api/auth/refresh
auth.get_current_user          GET,HEAD,OPTIONS     /api/auth/me
game.get_daily_puzzle          GET,HEAD,OPTIONS     /api/game/daily/<game_mode>
game.submit_guess              OPTIONS,POST         /api/game/guess
game.get_game_session          GET,HEAD,OPTIONS     /api/game/session/<int:session_id>
game.validate_word             OPTIONS,POST         /api/game/validate
game.get_game_history          GET,HEAD,OPTIONS     /api/game/history/<game_mode>
game.get_game_modes            GET,HEAD,OPTIONS     /api/game/modes
game.get_game_status           GET,HEAD,OPTIONS     /api/game/status/<game_mode>
game.start_new_game            OPTIONS,POST         /api/game/new/<game_mode>
stats.get_user_stats           GET,HEAD,OPTIONS     /api/stats/user/<int:user_id>
stats.get_my_stats             GET,HEAD,OPTIONS     /api/stats/me
stats.get_leaderboard          GET,HEAD,OPTIONS     /api/stats/leaderboard/<game_mode>
stats.get_global_stats         GET,HEAD,OPTIONS     /api/stats/global/<game_mode>
stats.get_user_rank            GET,HEAD,OPTIONS     /api/stats/rank/<game_mode>
stats.get_streak_analysis      GET,HEAD,OPTIONS     /api/stats/streak/<game_mode>
stats.get_stats_summary        GET,HEAD,OPTIONS     /api/stats/summary
health.health_check            GET,HEAD,OPTIONS     /api/health
health.metrics                 GET,HEAD,OPTIONS     /api/metrics
main.index                     GET,HEAD,OPTIONS     /
main.auth_login                GET,HEAD,OPTIONS     /auth/login
main.auth_register             GET,HEAD,OPTIONS     /auth/register
main.game                      GET,HEAD,OPTIONS     /game
main.stats                     GET,HEAD,OPTIONS     /stats
main.history                   GET,HEAD,OPTIONS     /history

__________ ERROR at setup of TestAuthAPI.test_register_invalid_email ___________

self = <sqlalchemy.engine.base.Connection object at 0x106750c50>
dialect = <sqlalchemy.dialects.sqlite.pysqlite.SQLiteDialect_pysqlite object at 0x106b9ac90>
context = <sqlalchemy.dialects.sqlite.base.SQLiteExecutionContext object at 0x106752210>
statement = <sqlalchemy.dialects.sqlite.base.SQLiteDDLCompiler object at 0x106752330>
parameters = [()]

    def _exec_single_context(
        self,
        dialect: Dialect,
        context: ExecutionContext,
        statement: Union[str, Compiled],
        parameters: Optional[_AnyMultiExecuteParams],
    ) -> CursorResult[Any]:
        """continue the _execute_context() method for a single DBAPI
        cursor.execute() or cursor.executemany() call.
    
        """
        if dialect.bind_typing is BindTyping.SETINPUTSIZES:
            generic_setinputsizes = context._prepare_set_input_sizes()
    
            if generic_setinputsizes:
                try:
                    dialect.do_set_input_sizes(
                        context.cursor, generic_setinputsizes, context
                    )
                except BaseException as e:
                    self._handle_dbapi_exception(
                        e, str(statement), parameters, None, context
                    )
    
        cursor, str_statement, parameters = (
            context.cursor,
            context.statement,
            context.parameters,
        )
    
        effective_parameters: Optional[_AnyExecuteParams]
    
        if not context.executemany:
            effective_parameters = parameters[0]
        else:
            effective_parameters = parameters
    
        if self._has_events or self.engine._has_events:
            for fn in self.dispatch.before_cursor_execute:
                str_statement, effective_parameters = fn(
                    self,
                    cursor,
                    str_statement,
                    effective_parameters,
                    context,
                    context.executemany,
                )
    
        if self._echo:
            self._log_info(str_statement)
    
            stats = context._get_cache_stats()
    
            if not self.engine.hide_parameters:
                self._log_info(
                    "[%s] %r",
                    stats,
                    sql_util._repr_params(
                        effective_parameters,
                        batches=10,
                        ismulti=context.executemany,
                    ),
                )
            else:
                self._log_info(
                    "[%s] [SQL parameters hidden due to hide_parameters=True]",
                    stats,
                )
    
        evt_handled: bool = False
        try:
            if context.execute_style is ExecuteStyle.EXECUTEMANY:
                effective_parameters = cast(
                    "_CoreMultiExecuteParams", effective_parameters
                )
                if self.dialect._has_events:
                    for fn in self.dialect.dispatch.do_executemany:
                        if fn(
                            cursor,
                            str_statement,
                            effective_parameters,
                            context,
                        ):
                            evt_handled = True
                            break
                if not evt_handled:
                    self.dialect.do_executemany(
                        cursor,
                        str_statement,
                        effective_parameters,
                        context,
                    )
            elif not effective_parameters and context.no_parameters:
                if self.dialect._has_events:
                    for fn in self.dialect.dispatch.do_execute_no_params:
                        if fn(cursor, str_statement, context):
                            evt_handled = True
                            break
                if not evt_handled:
                    self.dialect.do_execute_no_params(
                        cursor, str_statement, context
                    )
            else:
                effective_parameters = cast(
                    "_CoreSingleExecuteParams", effective_parameters
                )
                if self.dialect._has_events:
                    for fn in self.dialect.dispatch.do_execute:
                        if fn(
                            cursor,
                            str_statement,
                            effective_parameters,
                            context,
                        ):
                            evt_handled = True
                            break
                if not evt_handled:
>                   self.dialect.do_execute(
                        cursor, str_statement, effective_parameters, context
                    )

venv/lib/python3.12/site-packages/sqlalchemy/engine/base.py:1969: 
_ _ _ _ _ _ _ _ _ _ _ _ _ _ _ _ _ _ _ _ _ _ _ _ _ _ _ _ _ _ _ _ _ _ _ _ _ _ _ _ 

self = <sqlalchemy.dialects.sqlite.pysqlite.SQLiteDialect_pysqlite object at 0x106b9ac90>
cursor = <sqlite3.Cursor object at 0x10677cac0>
statement = 'CREATE INDEX ix_game_sessions_answer_word ON game_sessions (answer_word)'
parameters = ()
context = <sqlalchemy.dialects.sqlite.base.SQLiteExecutionContext object at 0x106752210>

    def do_execute(self, cursor, statement, parameters, context=None):
>       cursor.execute(statement, parameters)
E       sqlite3.OperationalError: index ix_game_sessions_answer_word already exists

venv/lib/python3.12/site-packages/sqlalchemy/engine/default.py:922: OperationalError

The above exception was the direct cause of the following exception:

request = <SubRequest '_configure_application' for <Function test_register_invalid_email>>
monkeypatch = <_pytest.monkeypatch.MonkeyPatch object at 0x106b9a210>

    @pytest.fixture(autouse=True)
    def _configure_application(request, monkeypatch):
        """Use `pytest.mark.options` decorator to pass options to your application
        factory::
    
            @pytest.mark.options(debug=False)
            def test_something(app):
                assert not app.debug, 'the application works not in debug mode!'
    
        """
        if "app" not in request.fixturenames:
            return
    
>       app = getfixturevalue(request, "app")

venv/lib/python3.12/site-packages/pytest_flask/plugin.py:124: 
_ _ _ _ _ _ _ _ _ _ _ _ _ _ _ _ _ _ _ _ _ _ _ _ _ _ _ _ _ _ _ _ _ _ _ _ _ _ _ _ 
venv/lib/python3.12/site-packages/pytest_flask/pytest_compat.py:3: in getfixturevalue
    return request.getfixturevalue(value)
tests/conftest.py:22: in app
    db.create_all()
venv/lib/python3.12/site-packages/flask_sqlalchemy/extension.py:900: in create_all
    self._call_for_binds(bind_key, "create_all")
venv/lib/python3.12/site-packages/flask_sqlalchemy/extension.py:881: in _call_for_binds
    getattr(metadata, op_name)(bind=engine)
venv/lib/python3.12/site-packages/sqlalchemy/sql/schema.py:5828: in create_all
    bind._run_ddl_visitor(
venv/lib/python3.12/site-packages/sqlalchemy/engine/base.py:3243: in _run_ddl_visitor
    conn._run_ddl_visitor(visitorcallable, element, **kwargs)
venv/lib/python3.12/site-packages/sqlalchemy/engine/base.py:2447: in _run_ddl_visitor
    visitorcallable(self.dialect, self, **kwargs).traverse_single(element)
venv/lib/python3.12/site-packages/sqlalchemy/sql/visitors.py:671: in traverse_single
    return meth(obj, **kw)
venv/lib/python3.12/site-packages/sqlalchemy/sql/ddl.py:919: in visit_metadata
    self.traverse_single(
venv/lib/python3.12/site-packages/sqlalchemy/sql/visitors.py:671: in traverse_single
    return meth(obj, **kw)
venv/lib/python3.12/site-packages/sqlalchemy/sql/ddl.py:961: in visit_table
    self.traverse_single(index, create_ok=True)
venv/lib/python3.12/site-packages/sqlalchemy/sql/visitors.py:671: in traverse_single
    return meth(obj, **kw)
venv/lib/python3.12/site-packages/sqlalchemy/sql/ddl.py:998: in visit_index
    CreateIndex(index)._invoke_with(self.connection)
venv/lib/python3.12/site-packages/sqlalchemy/sql/ddl.py:315: in _invoke_with
    return bind.execute(self)
venv/lib/python3.12/site-packages/sqlalchemy/engine/base.py:1416: in execute
    return meth(
venv/lib/python3.12/site-packages/sqlalchemy/sql/ddl.py:181: in _execute_on_connection
    return connection._execute_ddl(
venv/lib/python3.12/site-packages/sqlalchemy/engine/base.py:1528: in _execute_ddl
    ret = self._execute_context(
venv/lib/python3.12/site-packages/sqlalchemy/engine/base.py:1848: in _execute_context
    return self._exec_single_context(
venv/lib/python3.12/site-packages/sqlalchemy/engine/base.py:1988: in _exec_single_context
    self._handle_dbapi_exception(
venv/lib/python3.12/site-packages/sqlalchemy/engine/base.py:2343: in _handle_dbapi_exception
    raise sqlalchemy_exception.with_traceback(exc_info[2]) from e
venv/lib/python3.12/site-packages/sqlalchemy/engine/base.py:1969: in _exec_single_context
    self.dialect.do_execute(
_ _ _ _ _ _ _ _ _ _ _ _ _ _ _ _ _ _ _ _ _ _ _ _ _ _ _ _ _ _ _ _ _ _ _ _ _ _ _ _ 

self = <sqlalchemy.dialects.sqlite.pysqlite.SQLiteDialect_pysqlite object at 0x106b9ac90>
cursor = <sqlite3.Cursor object at 0x10677cac0>
statement = 'CREATE INDEX ix_game_sessions_answer_word ON game_sessions (answer_word)'
parameters = ()
context = <sqlalchemy.dialects.sqlite.base.SQLiteExecutionContext object at 0x106752210>

    def do_execute(self, cursor, statement, parameters, context=None):
>       cursor.execute(statement, parameters)
E       sqlalchemy.exc.OperationalError: (sqlite3.OperationalError) index ix_game_sessions_answer_word already exists
E       [SQL: CREATE INDEX ix_game_sessions_answer_word ON game_sessions (answer_word)]
E       (Background on this error at: https://sqlalche.me/e/20/e3q8)

venv/lib/python3.12/site-packages/sqlalchemy/engine/default.py:922: OperationalError
---------------------------- Captured stdout setup -----------------------------

Registered routes:
static                         GET,HEAD,OPTIONS     /static/<path:filename>
auth.register                  OPTIONS,POST         /api/auth/register
auth.login                     OPTIONS,POST         /api/auth/login
auth.refresh                   OPTIONS,POST         /api/auth/refresh
auth.get_current_user          GET,HEAD,OPTIONS     /api/auth/me
game.get_daily_puzzle          GET,HEAD,OPTIONS     /api/game/daily/<game_mode>
game.submit_guess              OPTIONS,POST         /api/game/guess
game.get_game_session          GET,HEAD,OPTIONS     /api/game/session/<int:session_id>
game.validate_word             OPTIONS,POST         /api/game/validate
game.get_game_history          GET,HEAD,OPTIONS     /api/game/history/<game_mode>
game.get_game_modes            GET,HEAD,OPTIONS     /api/game/modes
game.get_game_status           GET,HEAD,OPTIONS     /api/game/status/<game_mode>
game.start_new_game            OPTIONS,POST         /api/game/new/<game_mode>
stats.get_user_stats           GET,HEAD,OPTIONS     /api/stats/user/<int:user_id>
stats.get_my_stats             GET,HEAD,OPTIONS     /api/stats/me
stats.get_leaderboard          GET,HEAD,OPTIONS     /api/stats/leaderboard/<game_mode>
stats.get_global_stats         GET,HEAD,OPTIONS     /api/stats/global/<game_mode>
stats.get_user_rank            GET,HEAD,OPTIONS     /api/stats/rank/<game_mode>
stats.get_streak_analysis      GET,HEAD,OPTIONS     /api/stats/streak/<game_mode>
stats.get_stats_summary        GET,HEAD,OPTIONS     /api/stats/summary
health.health_check            GET,HEAD,OPTIONS     /api/health
health.metrics                 GET,HEAD,OPTIONS     /api/metrics
main.index                     GET,HEAD,OPTIONS     /
main.auth_login                GET,HEAD,OPTIONS     /auth/login
main.auth_register             GET,HEAD,OPTIONS     /auth/register
main.game                      GET,HEAD,OPTIONS     /game
main.stats                     GET,HEAD,OPTIONS     /stats
main.history                   GET,HEAD,OPTIONS     /history

__________ ERROR at setup of TestAuthAPI.test_register_duplicate_user __________

self = <sqlalchemy.engine.base.Connection object at 0x106b0daf0>
dialect = <sqlalchemy.dialects.sqlite.pysqlite.SQLiteDialect_pysqlite object at 0x1067bbe90>
context = <sqlalchemy.dialects.sqlite.base.SQLiteExecutionContext object at 0x106b0ffe0>
statement = <sqlalchemy.dialects.sqlite.base.SQLiteDDLCompiler object at 0x106b0ff80>
parameters = [()]

    def _exec_single_context(
        self,
        dialect: Dialect,
        context: ExecutionContext,
        statement: Union[str, Compiled],
        parameters: Optional[_AnyMultiExecuteParams],
    ) -> CursorResult[Any]:
        """continue the _execute_context() method for a single DBAPI
        cursor.execute() or cursor.executemany() call.
    
        """
        if dialect.bind_typing is BindTyping.SETINPUTSIZES:
            generic_setinputsizes = context._prepare_set_input_sizes()
    
            if generic_setinputsizes:
                try:
                    dialect.do_set_input_sizes(
                        context.cursor, generic_setinputsizes, context
                    )
                except BaseException as e:
                    self._handle_dbapi_exception(
                        e, str(statement), parameters, None, context
                    )
    
        cursor, str_statement, parameters = (
            context.cursor,
            context.statement,
            context.parameters,
        )
    
        effective_parameters: Optional[_AnyExecuteParams]
    
        if not context.executemany:
            effective_parameters = parameters[0]
        else:
            effective_parameters = parameters
    
        if self._has_events or self.engine._has_events:
            for fn in self.dispatch.before_cursor_execute:
                str_statement, effective_parameters = fn(
                    self,
                    cursor,
                    str_statement,
                    effective_parameters,
                    context,
                    context.executemany,
                )
    
        if self._echo:
            self._log_info(str_statement)
    
            stats = context._get_cache_stats()
    
            if not self.engine.hide_parameters:
                self._log_info(
                    "[%s] %r",
                    stats,
                    sql_util._repr_params(
                        effective_parameters,
                        batches=10,
                        ismulti=context.executemany,
                    ),
                )
            else:
                self._log_info(
                    "[%s] [SQL parameters hidden due to hide_parameters=True]",
                    stats,
                )
    
        evt_handled: bool = False
        try:
            if context.execute_style is ExecuteStyle.EXECUTEMANY:
                effective_parameters = cast(
                    "_CoreMultiExecuteParams", effective_parameters
                )
                if self.dialect._has_events:
                    for fn in self.dialect.dispatch.do_executemany:
                        if fn(
                            cursor,
                            str_statement,
                            effective_parameters,
                            context,
                        ):
                            evt_handled = True
                            break
                if not evt_handled:
                    self.dialect.do_executemany(
                        cursor,
                        str_statement,
                        effective_parameters,
                        context,
                    )
            elif not effective_parameters and context.no_parameters:
                if self.dialect._has_events:
                    for fn in self.dialect.dispatch.do_execute_no_params:
                        if fn(cursor, str_statement, context):
                            evt_handled = True
                            break
                if not evt_handled:
                    self.dialect.do_execute_no_params(
                        cursor, str_statement, context
                    )
            else:
                effective_parameters = cast(
                    "_CoreSingleExecuteParams", effective_parameters
                )
                if self.dialect._has_events:
                    for fn in self.dialect.dispatch.do_execute:
                        if fn(
                            cursor,
                            str_statement,
                            effective_parameters,
                            context,
                        ):
                            evt_handled = True
                            break
                if not evt_handled:
>                   self.dialect.do_execute(
                        cursor, str_statement, effective_parameters, context
                    )

venv/lib/python3.12/site-packages/sqlalchemy/engine/base.py:1969: 
_ _ _ _ _ _ _ _ _ _ _ _ _ _ _ _ _ _ _ _ _ _ _ _ _ _ _ _ _ _ _ _ _ _ _ _ _ _ _ _ 

self = <sqlalchemy.dialects.sqlite.pysqlite.SQLiteDialect_pysqlite object at 0x1067bbe90>
cursor = <sqlite3.Cursor object at 0x106b90a40>
statement = 'CREATE INDEX ix_game_sessions_answer_word ON game_sessions (answer_word)'
parameters = ()
context = <sqlalchemy.dialects.sqlite.base.SQLiteExecutionContext object at 0x106b0ffe0>

    def do_execute(self, cursor, statement, parameters, context=None):
>       cursor.execute(statement, parameters)
E       sqlite3.OperationalError: index ix_game_sessions_answer_word already exists

venv/lib/python3.12/site-packages/sqlalchemy/engine/default.py:922: OperationalError

The above exception was the direct cause of the following exception:

request = <SubRequest '_configure_application' for <Function test_register_duplicate_user>>
monkeypatch = <_pytest.monkeypatch.MonkeyPatch object at 0x106752f60>

    @pytest.fixture(autouse=True)
    def _configure_application(request, monkeypatch):
        """Use `pytest.mark.options` decorator to pass options to your application
        factory::
    
            @pytest.mark.options(debug=False)
            def test_something(app):
                assert not app.debug, 'the application works not in debug mode!'
    
        """
        if "app" not in request.fixturenames:
            return
    
>       app = getfixturevalue(request, "app")

venv/lib/python3.12/site-packages/pytest_flask/plugin.py:124: 
_ _ _ _ _ _ _ _ _ _ _ _ _ _ _ _ _ _ _ _ _ _ _ _ _ _ _ _ _ _ _ _ _ _ _ _ _ _ _ _ 
venv/lib/python3.12/site-packages/pytest_flask/pytest_compat.py:3: in getfixturevalue
    return request.getfixturevalue(value)
tests/conftest.py:22: in app
    db.create_all()
venv/lib/python3.12/site-packages/flask_sqlalchemy/extension.py:900: in create_all
    self._call_for_binds(bind_key, "create_all")
venv/lib/python3.12/site-packages/flask_sqlalchemy/extension.py:881: in _call_for_binds
    getattr(metadata, op_name)(bind=engine)
venv/lib/python3.12/site-packages/sqlalchemy/sql/schema.py:5828: in create_all
    bind._run_ddl_visitor(
venv/lib/python3.12/site-packages/sqlalchemy/engine/base.py:3243: in _run_ddl_visitor
    conn._run_ddl_visitor(visitorcallable, element, **kwargs)
venv/lib/python3.12/site-packages/sqlalchemy/engine/base.py:2447: in _run_ddl_visitor
    visitorcallable(self.dialect, self, **kwargs).traverse_single(element)
venv/lib/python3.12/site-packages/sqlalchemy/sql/visitors.py:671: in traverse_single
    return meth(obj, **kw)
venv/lib/python3.12/site-packages/sqlalchemy/sql/ddl.py:919: in visit_metadata
    self.traverse_single(
venv/lib/python3.12/site-packages/sqlalchemy/sql/visitors.py:671: in traverse_single
    return meth(obj, **kw)
venv/lib/python3.12/site-packages/sqlalchemy/sql/ddl.py:961: in visit_table
    self.traverse_single(index, create_ok=True)
venv/lib/python3.12/site-packages/sqlalchemy/sql/visitors.py:671: in traverse_single
    return meth(obj, **kw)
venv/lib/python3.12/site-packages/sqlalchemy/sql/ddl.py:998: in visit_index
    CreateIndex(index)._invoke_with(self.connection)
venv/lib/python3.12/site-packages/sqlalchemy/sql/ddl.py:315: in _invoke_with
    return bind.execute(self)
venv/lib/python3.12/site-packages/sqlalchemy/engine/base.py:1416: in execute
    return meth(
venv/lib/python3.12/site-packages/sqlalchemy/sql/ddl.py:181: in _execute_on_connection
    return connection._execute_ddl(
venv/lib/python3.12/site-packages/sqlalchemy/engine/base.py:1528: in _execute_ddl
    ret = self._execute_context(
venv/lib/python3.12/site-packages/sqlalchemy/engine/base.py:1848: in _execute_context
    return self._exec_single_context(
venv/lib/python3.12/site-packages/sqlalchemy/engine/base.py:1988: in _exec_single_context
    self._handle_dbapi_exception(
venv/lib/python3.12/site-packages/sqlalchemy/engine/base.py:2343: in _handle_dbapi_exception
    raise sqlalchemy_exception.with_traceback(exc_info[2]) from e
venv/lib/python3.12/site-packages/sqlalchemy/engine/base.py:1969: in _exec_single_context
    self.dialect.do_execute(
_ _ _ _ _ _ _ _ _ _ _ _ _ _ _ _ _ _ _ _ _ _ _ _ _ _ _ _ _ _ _ _ _ _ _ _ _ _ _ _ 

self = <sqlalchemy.dialects.sqlite.pysqlite.SQLiteDialect_pysqlite object at 0x1067bbe90>
cursor = <sqlite3.Cursor object at 0x106b90a40>
statement = 'CREATE INDEX ix_game_sessions_answer_word ON game_sessions (answer_word)'
parameters = ()
context = <sqlalchemy.dialects.sqlite.base.SQLiteExecutionContext object at 0x106b0ffe0>

    def do_execute(self, cursor, statement, parameters, context=None):
>       cursor.execute(statement, parameters)
E       sqlalchemy.exc.OperationalError: (sqlite3.OperationalError) index ix_game_sessions_answer_word already exists
E       [SQL: CREATE INDEX ix_game_sessions_answer_word ON game_sessions (answer_word)]
E       (Background on this error at: https://sqlalche.me/e/20/e3q8)

venv/lib/python3.12/site-packages/sqlalchemy/engine/default.py:922: OperationalError
---------------------------- Captured stdout setup -----------------------------

Registered routes:
static                         GET,HEAD,OPTIONS     /static/<path:filename>
auth.register                  OPTIONS,POST         /api/auth/register
auth.login                     OPTIONS,POST         /api/auth/login
auth.refresh                   OPTIONS,POST         /api/auth/refresh
auth.get_current_user          GET,HEAD,OPTIONS     /api/auth/me
game.get_daily_puzzle          GET,HEAD,OPTIONS     /api/game/daily/<game_mode>
game.submit_guess              OPTIONS,POST         /api/game/guess
game.get_game_session          GET,HEAD,OPTIONS     /api/game/session/<int:session_id>
game.validate_word             OPTIONS,POST         /api/game/validate
game.get_game_history          GET,HEAD,OPTIONS     /api/game/history/<game_mode>
game.get_game_modes            GET,HEAD,OPTIONS     /api/game/modes
game.get_game_status           GET,HEAD,OPTIONS     /api/game/status/<game_mode>
game.start_new_game            OPTIONS,POST         /api/game/new/<game_mode>
stats.get_user_stats           GET,HEAD,OPTIONS     /api/stats/user/<int:user_id>
stats.get_my_stats             GET,HEAD,OPTIONS     /api/stats/me
stats.get_leaderboard          GET,HEAD,OPTIONS     /api/stats/leaderboard/<game_mode>
stats.get_global_stats         GET,HEAD,OPTIONS     /api/stats/global/<game_mode>
stats.get_user_rank            GET,HEAD,OPTIONS     /api/stats/rank/<game_mode>
stats.get_streak_analysis      GET,HEAD,OPTIONS     /api/stats/streak/<game_mode>
stats.get_stats_summary        GET,HEAD,OPTIONS     /api/stats/summary
health.health_check            GET,HEAD,OPTIONS     /api/health
health.metrics                 GET,HEAD,OPTIONS     /api/metrics
main.index                     GET,HEAD,OPTIONS     /
main.auth_login                GET,HEAD,OPTIONS     /auth/login
main.auth_register             GET,HEAD,OPTIONS     /auth/register
main.game                      GET,HEAD,OPTIONS     /game
main.stats                     GET,HEAD,OPTIONS     /stats
main.history                   GET,HEAD,OPTIONS     /history

_____________ ERROR at setup of TestAuthAPI.test_register_no_json ______________

self = <sqlalchemy.engine.base.Connection object at 0x106b84d40>
dialect = <sqlalchemy.dialects.sqlite.pysqlite.SQLiteDialect_pysqlite object at 0x106b093a0>
context = <sqlalchemy.dialects.sqlite.base.SQLiteExecutionContext object at 0x106b18bc0>
statement = <sqlalchemy.dialects.sqlite.base.SQLiteDDLCompiler object at 0x106b18590>
parameters = [()]

    def _exec_single_context(
        self,
        dialect: Dialect,
        context: ExecutionContext,
        statement: Union[str, Compiled],
        parameters: Optional[_AnyMultiExecuteParams],
    ) -> CursorResult[Any]:
        """continue the _execute_context() method for a single DBAPI
        cursor.execute() or cursor.executemany() call.
    
        """
        if dialect.bind_typing is BindTyping.SETINPUTSIZES:
            generic_setinputsizes = context._prepare_set_input_sizes()
    
            if generic_setinputsizes:
                try:
                    dialect.do_set_input_sizes(
                        context.cursor, generic_setinputsizes, context
                    )
                except BaseException as e:
                    self._handle_dbapi_exception(
                        e, str(statement), parameters, None, context
                    )
    
        cursor, str_statement, parameters = (
            context.cursor,
            context.statement,
            context.parameters,
        )
    
        effective_parameters: Optional[_AnyExecuteParams]
    
        if not context.executemany:
            effective_parameters = parameters[0]
        else:
            effective_parameters = parameters
    
        if self._has_events or self.engine._has_events:
            for fn in self.dispatch.before_cursor_execute:
                str_statement, effective_parameters = fn(
                    self,
                    cursor,
                    str_statement,
                    effective_parameters,
                    context,
                    context.executemany,
                )
    
        if self._echo:
            self._log_info(str_statement)
    
            stats = context._get_cache_stats()
    
            if not self.engine.hide_parameters:
                self._log_info(
                    "[%s] %r",
                    stats,
                    sql_util._repr_params(
                        effective_parameters,
                        batches=10,
                        ismulti=context.executemany,
                    ),
                )
            else:
                self._log_info(
                    "[%s] [SQL parameters hidden due to hide_parameters=True]",
                    stats,
                )
    
        evt_handled: bool = False
        try:
            if context.execute_style is ExecuteStyle.EXECUTEMANY:
                effective_parameters = cast(
                    "_CoreMultiExecuteParams", effective_parameters
                )
                if self.dialect._has_events:
                    for fn in self.dialect.dispatch.do_executemany:
                        if fn(
                            cursor,
                            str_statement,
                            effective_parameters,
                            context,
                        ):
                            evt_handled = True
                            break
                if not evt_handled:
                    self.dialect.do_executemany(
                        cursor,
                        str_statement,
                        effective_parameters,
                        context,
                    )
            elif not effective_parameters and context.no_parameters:
                if self.dialect._has_events:
                    for fn in self.dialect.dispatch.do_execute_no_params:
                        if fn(cursor, str_statement, context):
                            evt_handled = True
                            break
                if not evt_handled:
                    self.dialect.do_execute_no_params(
                        cursor, str_statement, context
                    )
            else:
                effective_parameters = cast(
                    "_CoreSingleExecuteParams", effective_parameters
                )
                if self.dialect._has_events:
                    for fn in self.dialect.dispatch.do_execute:
                        if fn(
                            cursor,
                            str_statement,
                            effective_parameters,
                            context,
                        ):
                            evt_handled = True
                            break
                if not evt_handled:
>                   self.dialect.do_execute(
                        cursor, str_statement, effective_parameters, context
                    )

venv/lib/python3.12/site-packages/sqlalchemy/engine/base.py:1969: 
_ _ _ _ _ _ _ _ _ _ _ _ _ _ _ _ _ _ _ _ _ _ _ _ _ _ _ _ _ _ _ _ _ _ _ _ _ _ _ _ 

self = <sqlalchemy.dialects.sqlite.pysqlite.SQLiteDialect_pysqlite object at 0x106b093a0>
cursor = <sqlite3.Cursor object at 0x1064052c0>
statement = 'CREATE INDEX ix_game_sessions_answer_word ON game_sessions (answer_word)'
parameters = ()
context = <sqlalchemy.dialects.sqlite.base.SQLiteExecutionContext object at 0x106b18bc0>

    def do_execute(self, cursor, statement, parameters, context=None):
>       cursor.execute(statement, parameters)
E       sqlite3.OperationalError: index ix_game_sessions_answer_word already exists

venv/lib/python3.12/site-packages/sqlalchemy/engine/default.py:922: OperationalError

The above exception was the direct cause of the following exception:

request = <SubRequest '_configure_application' for <Function test_register_no_json>>
monkeypatch = <_pytest.monkeypatch.MonkeyPatch object at 0x106751b50>

    @pytest.fixture(autouse=True)
    def _configure_application(request, monkeypatch):
        """Use `pytest.mark.options` decorator to pass options to your application
        factory::
    
            @pytest.mark.options(debug=False)
            def test_something(app):
                assert not app.debug, 'the application works not in debug mode!'
    
        """
        if "app" not in request.fixturenames:
            return
    
>       app = getfixturevalue(request, "app")

venv/lib/python3.12/site-packages/pytest_flask/plugin.py:124: 
_ _ _ _ _ _ _ _ _ _ _ _ _ _ _ _ _ _ _ _ _ _ _ _ _ _ _ _ _ _ _ _ _ _ _ _ _ _ _ _ 
venv/lib/python3.12/site-packages/pytest_flask/pytest_compat.py:3: in getfixturevalue
    return request.getfixturevalue(value)
tests/conftest.py:22: in app
    db.create_all()
venv/lib/python3.12/site-packages/flask_sqlalchemy/extension.py:900: in create_all
    self._call_for_binds(bind_key, "create_all")
venv/lib/python3.12/site-packages/flask_sqlalchemy/extension.py:881: in _call_for_binds
    getattr(metadata, op_name)(bind=engine)
venv/lib/python3.12/site-packages/sqlalchemy/sql/schema.py:5828: in create_all
    bind._run_ddl_visitor(
venv/lib/python3.12/site-packages/sqlalchemy/engine/base.py:3243: in _run_ddl_visitor
    conn._run_ddl_visitor(visitorcallable, element, **kwargs)
venv/lib/python3.12/site-packages/sqlalchemy/engine/base.py:2447: in _run_ddl_visitor
    visitorcallable(self.dialect, self, **kwargs).traverse_single(element)
venv/lib/python3.12/site-packages/sqlalchemy/sql/visitors.py:671: in traverse_single
    return meth(obj, **kw)
venv/lib/python3.12/site-packages/sqlalchemy/sql/ddl.py:919: in visit_metadata
    self.traverse_single(
venv/lib/python3.12/site-packages/sqlalchemy/sql/visitors.py:671: in traverse_single
    return meth(obj, **kw)
venv/lib/python3.12/site-packages/sqlalchemy/sql/ddl.py:961: in visit_table
    self.traverse_single(index, create_ok=True)
venv/lib/python3.12/site-packages/sqlalchemy/sql/visitors.py:671: in traverse_single
    return meth(obj, **kw)
venv/lib/python3.12/site-packages/sqlalchemy/sql/ddl.py:998: in visit_index
    CreateIndex(index)._invoke_with(self.connection)
venv/lib/python3.12/site-packages/sqlalchemy/sql/ddl.py:315: in _invoke_with
    return bind.execute(self)
venv/lib/python3.12/site-packages/sqlalchemy/engine/base.py:1416: in execute
    return meth(
venv/lib/python3.12/site-packages/sqlalchemy/sql/ddl.py:181: in _execute_on_connection
    return connection._execute_ddl(
venv/lib/python3.12/site-packages/sqlalchemy/engine/base.py:1528: in _execute_ddl
    ret = self._execute_context(
venv/lib/python3.12/site-packages/sqlalchemy/engine/base.py:1848: in _execute_context
    return self._exec_single_context(
venv/lib/python3.12/site-packages/sqlalchemy/engine/base.py:1988: in _exec_single_context
    self._handle_dbapi_exception(
venv/lib/python3.12/site-packages/sqlalchemy/engine/base.py:2343: in _handle_dbapi_exception
    raise sqlalchemy_exception.with_traceback(exc_info[2]) from e
venv/lib/python3.12/site-packages/sqlalchemy/engine/base.py:1969: in _exec_single_context
    self.dialect.do_execute(
_ _ _ _ _ _ _ _ _ _ _ _ _ _ _ _ _ _ _ _ _ _ _ _ _ _ _ _ _ _ _ _ _ _ _ _ _ _ _ _ 

self = <sqlalchemy.dialects.sqlite.pysqlite.SQLiteDialect_pysqlite object at 0x106b093a0>
cursor = <sqlite3.Cursor object at 0x1064052c0>
statement = 'CREATE INDEX ix_game_sessions_answer_word ON game_sessions (answer_word)'
parameters = ()
context = <sqlalchemy.dialects.sqlite.base.SQLiteExecutionContext object at 0x106b18bc0>

    def do_execute(self, cursor, statement, parameters, context=None):
>       cursor.execute(statement, parameters)
E       sqlalchemy.exc.OperationalError: (sqlite3.OperationalError) index ix_game_sessions_answer_word already exists
E       [SQL: CREATE INDEX ix_game_sessions_answer_word ON game_sessions (answer_word)]
E       (Background on this error at: https://sqlalche.me/e/20/e3q8)

venv/lib/python3.12/site-packages/sqlalchemy/engine/default.py:922: OperationalError
---------------------------- Captured stdout setup -----------------------------

Registered routes:
static                         GET,HEAD,OPTIONS     /static/<path:filename>
auth.register                  OPTIONS,POST         /api/auth/register
auth.login                     OPTIONS,POST         /api/auth/login
auth.refresh                   OPTIONS,POST         /api/auth/refresh
auth.get_current_user          GET,HEAD,OPTIONS     /api/auth/me
game.get_daily_puzzle          GET,HEAD,OPTIONS     /api/game/daily/<game_mode>
game.submit_guess              OPTIONS,POST         /api/game/guess
game.get_game_session          GET,HEAD,OPTIONS     /api/game/session/<int:session_id>
game.validate_word             OPTIONS,POST         /api/game/validate
game.get_game_history          GET,HEAD,OPTIONS     /api/game/history/<game_mode>
game.get_game_modes            GET,HEAD,OPTIONS     /api/game/modes
game.get_game_status           GET,HEAD,OPTIONS     /api/game/status/<game_mode>
game.start_new_game            OPTIONS,POST         /api/game/new/<game_mode>
stats.get_user_stats           GET,HEAD,OPTIONS     /api/stats/user/<int:user_id>
stats.get_my_stats             GET,HEAD,OPTIONS     /api/stats/me
stats.get_leaderboard          GET,HEAD,OPTIONS     /api/stats/leaderboard/<game_mode>
stats.get_global_stats         GET,HEAD,OPTIONS     /api/stats/global/<game_mode>
stats.get_user_rank            GET,HEAD,OPTIONS     /api/stats/rank/<game_mode>
stats.get_streak_analysis      GET,HEAD,OPTIONS     /api/stats/streak/<game_mode>
stats.get_stats_summary        GET,HEAD,OPTIONS     /api/stats/summary
health.health_check            GET,HEAD,OPTIONS     /api/health
health.metrics                 GET,HEAD,OPTIONS     /api/metrics
main.index                     GET,HEAD,OPTIONS     /
main.auth_login                GET,HEAD,OPTIONS     /auth/login
main.auth_register             GET,HEAD,OPTIONS     /auth/register
main.game                      GET,HEAD,OPTIONS     /game
main.stats                     GET,HEAD,OPTIONS     /stats
main.history                   GET,HEAD,OPTIONS     /history

_______________ ERROR at setup of TestAuthAPI.test_login_success _______________

self = <sqlalchemy.engine.base.Connection object at 0x106b843e0>
dialect = <sqlalchemy.dialects.sqlite.pysqlite.SQLiteDialect_pysqlite object at 0x106b1b620>
context = <sqlalchemy.dialects.sqlite.base.SQLiteExecutionContext object at 0x106a36090>
statement = <sqlalchemy.dialects.sqlite.base.SQLiteDDLCompiler object at 0x106a36030>
parameters = [()]

    def _exec_single_context(
        self,
        dialect: Dialect,
        context: ExecutionContext,
        statement: Union[str, Compiled],
        parameters: Optional[_AnyMultiExecuteParams],
    ) -> CursorResult[Any]:
        """continue the _execute_context() method for a single DBAPI
        cursor.execute() or cursor.executemany() call.
    
        """
        if dialect.bind_typing is BindTyping.SETINPUTSIZES:
            generic_setinputsizes = context._prepare_set_input_sizes()
    
            if generic_setinputsizes:
                try:
                    dialect.do_set_input_sizes(
                        context.cursor, generic_setinputsizes, context
                    )
                except BaseException as e:
                    self._handle_dbapi_exception(
                        e, str(statement), parameters, None, context
                    )
    
        cursor, str_statement, parameters = (
            context.cursor,
            context.statement,
            context.parameters,
        )
    
        effective_parameters: Optional[_AnyExecuteParams]
    
        if not context.executemany:
            effective_parameters = parameters[0]
        else:
            effective_parameters = parameters
    
        if self._has_events or self.engine._has_events:
            for fn in self.dispatch.before_cursor_execute:
                str_statement, effective_parameters = fn(
                    self,
                    cursor,
                    str_statement,
                    effective_parameters,
                    context,
                    context.executemany,
                )
    
        if self._echo:
            self._log_info(str_statement)
    
            stats = context._get_cache_stats()
    
            if not self.engine.hide_parameters:
                self._log_info(
                    "[%s] %r",
                    stats,
                    sql_util._repr_params(
                        effective_parameters,
                        batches=10,
                        ismulti=context.executemany,
                    ),
                )
            else:
                self._log_info(
                    "[%s] [SQL parameters hidden due to hide_parameters=True]",
                    stats,
                )
    
        evt_handled: bool = False
        try:
            if context.execute_style is ExecuteStyle.EXECUTEMANY:
                effective_parameters = cast(
                    "_CoreMultiExecuteParams", effective_parameters
                )
                if self.dialect._has_events:
                    for fn in self.dialect.dispatch.do_executemany:
                        if fn(
                            cursor,
                            str_statement,
                            effective_parameters,
                            context,
                        ):
                            evt_handled = True
                            break
                if not evt_handled:
                    self.dialect.do_executemany(
                        cursor,
                        str_statement,
                        effective_parameters,
                        context,
                    )
            elif not effective_parameters and context.no_parameters:
                if self.dialect._has_events:
                    for fn in self.dialect.dispatch.do_execute_no_params:
                        if fn(cursor, str_statement, context):
                            evt_handled = True
                            break
                if not evt_handled:
                    self.dialect.do_execute_no_params(
                        cursor, str_statement, context
                    )
            else:
                effective_parameters = cast(
                    "_CoreSingleExecuteParams", effective_parameters
                )
                if self.dialect._has_events:
                    for fn in self.dialect.dispatch.do_execute:
                        if fn(
                            cursor,
                            str_statement,
                            effective_parameters,
                            context,
                        ):
                            evt_handled = True
                            break
                if not evt_handled:
>                   self.dialect.do_execute(
                        cursor, str_statement, effective_parameters, context
                    )

venv/lib/python3.12/site-packages/sqlalchemy/engine/base.py:1969: 
_ _ _ _ _ _ _ _ _ _ _ _ _ _ _ _ _ _ _ _ _ _ _ _ _ _ _ _ _ _ _ _ _ _ _ _ _ _ _ _ 

self = <sqlalchemy.dialects.sqlite.pysqlite.SQLiteDialect_pysqlite object at 0x106b1b620>
cursor = <sqlite3.Cursor object at 0x1076e37c0>
statement = 'CREATE INDEX ix_game_sessions_answer_word ON game_sessions (answer_word)'
parameters = ()
context = <sqlalchemy.dialects.sqlite.base.SQLiteExecutionContext object at 0x106a36090>

    def do_execute(self, cursor, statement, parameters, context=None):
>       cursor.execute(statement, parameters)
E       sqlite3.OperationalError: index ix_game_sessions_answer_word already exists

venv/lib/python3.12/site-packages/sqlalchemy/engine/default.py:922: OperationalError

The above exception was the direct cause of the following exception:

request = <SubRequest '_configure_application' for <Function test_login_success>>
monkeypatch = <_pytest.monkeypatch.MonkeyPatch object at 0x106b1b9e0>

    @pytest.fixture(autouse=True)
    def _configure_application(request, monkeypatch):
        """Use `pytest.mark.options` decorator to pass options to your application
        factory::
    
            @pytest.mark.options(debug=False)
            def test_something(app):
                assert not app.debug, 'the application works not in debug mode!'
    
        """
        if "app" not in request.fixturenames:
            return
    
>       app = getfixturevalue(request, "app")

venv/lib/python3.12/site-packages/pytest_flask/plugin.py:124: 
_ _ _ _ _ _ _ _ _ _ _ _ _ _ _ _ _ _ _ _ _ _ _ _ _ _ _ _ _ _ _ _ _ _ _ _ _ _ _ _ 
venv/lib/python3.12/site-packages/pytest_flask/pytest_compat.py:3: in getfixturevalue
    return request.getfixturevalue(value)
tests/conftest.py:22: in app
    db.create_all()
venv/lib/python3.12/site-packages/flask_sqlalchemy/extension.py:900: in create_all
    self._call_for_binds(bind_key, "create_all")
venv/lib/python3.12/site-packages/flask_sqlalchemy/extension.py:881: in _call_for_binds
    getattr(metadata, op_name)(bind=engine)
venv/lib/python3.12/site-packages/sqlalchemy/sql/schema.py:5828: in create_all
    bind._run_ddl_visitor(
venv/lib/python3.12/site-packages/sqlalchemy/engine/base.py:3243: in _run_ddl_visitor
    conn._run_ddl_visitor(visitorcallable, element, **kwargs)
venv/lib/python3.12/site-packages/sqlalchemy/engine/base.py:2447: in _run_ddl_visitor
    visitorcallable(self.dialect, self, **kwargs).traverse_single(element)
venv/lib/python3.12/site-packages/sqlalchemy/sql/visitors.py:671: in traverse_single
    return meth(obj, **kw)
venv/lib/python3.12/site-packages/sqlalchemy/sql/ddl.py:919: in visit_metadata
    self.traverse_single(
venv/lib/python3.12/site-packages/sqlalchemy/sql/visitors.py:671: in traverse_single
    return meth(obj, **kw)
venv/lib/python3.12/site-packages/sqlalchemy/sql/ddl.py:961: in visit_table
    self.traverse_single(index, create_ok=True)
venv/lib/python3.12/site-packages/sqlalchemy/sql/visitors.py:671: in traverse_single
    return meth(obj, **kw)
venv/lib/python3.12/site-packages/sqlalchemy/sql/ddl.py:998: in visit_index
    CreateIndex(index)._invoke_with(self.connection)
venv/lib/python3.12/site-packages/sqlalchemy/sql/ddl.py:315: in _invoke_with
    return bind.execute(self)
venv/lib/python3.12/site-packages/sqlalchemy/engine/base.py:1416: in execute
    return meth(
venv/lib/python3.12/site-packages/sqlalchemy/sql/ddl.py:181: in _execute_on_connection
    return connection._execute_ddl(
venv/lib/python3.12/site-packages/sqlalchemy/engine/base.py:1528: in _execute_ddl
    ret = self._execute_context(
venv/lib/python3.12/site-packages/sqlalchemy/engine/base.py:1848: in _execute_context
    return self._exec_single_context(
venv/lib/python3.12/site-packages/sqlalchemy/engine/base.py:1988: in _exec_single_context
    self._handle_dbapi_exception(
venv/lib/python3.12/site-packages/sqlalchemy/engine/base.py:2343: in _handle_dbapi_exception
    raise sqlalchemy_exception.with_traceback(exc_info[2]) from e
venv/lib/python3.12/site-packages/sqlalchemy/engine/base.py:1969: in _exec_single_context
    self.dialect.do_execute(
_ _ _ _ _ _ _ _ _ _ _ _ _ _ _ _ _ _ _ _ _ _ _ _ _ _ _ _ _ _ _ _ _ _ _ _ _ _ _ _ 

self = <sqlalchemy.dialects.sqlite.pysqlite.SQLiteDialect_pysqlite object at 0x106b1b620>
cursor = <sqlite3.Cursor object at 0x1076e37c0>
statement = 'CREATE INDEX ix_game_sessions_answer_word ON game_sessions (answer_word)'
parameters = ()
context = <sqlalchemy.dialects.sqlite.base.SQLiteExecutionContext object at 0x106a36090>

    def do_execute(self, cursor, statement, parameters, context=None):
>       cursor.execute(statement, parameters)
E       sqlalchemy.exc.OperationalError: (sqlite3.OperationalError) index ix_game_sessions_answer_word already exists
E       [SQL: CREATE INDEX ix_game_sessions_answer_word ON game_sessions (answer_word)]
E       (Background on this error at: https://sqlalche.me/e/20/e3q8)

venv/lib/python3.12/site-packages/sqlalchemy/engine/default.py:922: OperationalError
---------------------------- Captured stdout setup -----------------------------

Registered routes:
static                         GET,HEAD,OPTIONS     /static/<path:filename>
auth.register                  OPTIONS,POST         /api/auth/register
auth.login                     OPTIONS,POST         /api/auth/login
auth.refresh                   OPTIONS,POST         /api/auth/refresh
auth.get_current_user          GET,HEAD,OPTIONS     /api/auth/me
game.get_daily_puzzle          GET,HEAD,OPTIONS     /api/game/daily/<game_mode>
game.submit_guess              OPTIONS,POST         /api/game/guess
game.get_game_session          GET,HEAD,OPTIONS     /api/game/session/<int:session_id>
game.validate_word             OPTIONS,POST         /api/game/validate
game.get_game_history          GET,HEAD,OPTIONS     /api/game/history/<game_mode>
game.get_game_modes            GET,HEAD,OPTIONS     /api/game/modes
game.get_game_status           GET,HEAD,OPTIONS     /api/game/status/<game_mode>
game.start_new_game            OPTIONS,POST         /api/game/new/<game_mode>
stats.get_user_stats           GET,HEAD,OPTIONS     /api/stats/user/<int:user_id>
stats.get_my_stats             GET,HEAD,OPTIONS     /api/stats/me
stats.get_leaderboard          GET,HEAD,OPTIONS     /api/stats/leaderboard/<game_mode>
stats.get_global_stats         GET,HEAD,OPTIONS     /api/stats/global/<game_mode>
stats.get_user_rank            GET,HEAD,OPTIONS     /api/stats/rank/<game_mode>
stats.get_streak_analysis      GET,HEAD,OPTIONS     /api/stats/streak/<game_mode>
stats.get_stats_summary        GET,HEAD,OPTIONS     /api/stats/summary
health.health_check            GET,HEAD,OPTIONS     /api/health
health.metrics                 GET,HEAD,OPTIONS     /api/metrics
main.index                     GET,HEAD,OPTIONS     /
main.auth_login                GET,HEAD,OPTIONS     /auth/login
main.auth_register             GET,HEAD,OPTIONS     /auth/register
main.game                      GET,HEAD,OPTIONS     /game
main.stats                     GET,HEAD,OPTIONS     /stats
main.history                   GET,HEAD,OPTIONS     /history

_____________ ERROR at setup of TestAuthAPI.test_login_wrong_email _____________

self = <sqlalchemy.engine.base.Connection object at 0x106a678f0>
dialect = <sqlalchemy.dialects.sqlite.pysqlite.SQLiteDialect_pysqlite object at 0x106ac1160>
context = <sqlalchemy.dialects.sqlite.base.SQLiteExecutionContext object at 0x106ad86e0>
statement = <sqlalchemy.dialects.sqlite.base.SQLiteDDLCompiler object at 0x106a67fe0>
parameters = [()]

    def _exec_single_context(
        self,
        dialect: Dialect,
        context: ExecutionContext,
        statement: Union[str, Compiled],
        parameters: Optional[_AnyMultiExecuteParams],
    ) -> CursorResult[Any]:
        """continue the _execute_context() method for a single DBAPI
        cursor.execute() or cursor.executemany() call.
    
        """
        if dialect.bind_typing is BindTyping.SETINPUTSIZES:
            generic_setinputsizes = context._prepare_set_input_sizes()
    
            if generic_setinputsizes:
                try:
                    dialect.do_set_input_sizes(
                        context.cursor, generic_setinputsizes, context
                    )
                except BaseException as e:
                    self._handle_dbapi_exception(
                        e, str(statement), parameters, None, context
                    )
    
        cursor, str_statement, parameters = (
            context.cursor,
            context.statement,
            context.parameters,
        )
    
        effective_parameters: Optional[_AnyExecuteParams]
    
        if not context.executemany:
            effective_parameters = parameters[0]
        else:
            effective_parameters = parameters
    
        if self._has_events or self.engine._has_events:
            for fn in self.dispatch.before_cursor_execute:
                str_statement, effective_parameters = fn(
                    self,
                    cursor,
                    str_statement,
                    effective_parameters,
                    context,
                    context.executemany,
                )
    
        if self._echo:
            self._log_info(str_statement)
    
            stats = context._get_cache_stats()
    
            if not self.engine.hide_parameters:
                self._log_info(
                    "[%s] %r",
                    stats,
                    sql_util._repr_params(
                        effective_parameters,
                        batches=10,
                        ismulti=context.executemany,
                    ),
                )
            else:
                self._log_info(
                    "[%s] [SQL parameters hidden due to hide_parameters=True]",
                    stats,
                )
    
        evt_handled: bool = False
        try:
            if context.execute_style is ExecuteStyle.EXECUTEMANY:
                effective_parameters = cast(
                    "_CoreMultiExecuteParams", effective_parameters
                )
                if self.dialect._has_events:
                    for fn in self.dialect.dispatch.do_executemany:
                        if fn(
                            cursor,
                            str_statement,
                            effective_parameters,
                            context,
                        ):
                            evt_handled = True
                            break
                if not evt_handled:
                    self.dialect.do_executemany(
                        cursor,
                        str_statement,
                        effective_parameters,
                        context,
                    )
            elif not effective_parameters and context.no_parameters:
                if self.dialect._has_events:
                    for fn in self.dialect.dispatch.do_execute_no_params:
                        if fn(cursor, str_statement, context):
                            evt_handled = True
                            break
                if not evt_handled:
                    self.dialect.do_execute_no_params(
                        cursor, str_statement, context
                    )
            else:
                effective_parameters = cast(
                    "_CoreSingleExecuteParams", effective_parameters
                )
                if self.dialect._has_events:
                    for fn in self.dialect.dispatch.do_execute:
                        if fn(
                            cursor,
                            str_statement,
                            effective_parameters,
                            context,
                        ):
                            evt_handled = True
                            break
                if not evt_handled:
>                   self.dialect.do_execute(
                        cursor, str_statement, effective_parameters, context
                    )

venv/lib/python3.12/site-packages/sqlalchemy/engine/base.py:1969: 
_ _ _ _ _ _ _ _ _ _ _ _ _ _ _ _ _ _ _ _ _ _ _ _ _ _ _ _ _ _ _ _ _ _ _ _ _ _ _ _ 

self = <sqlalchemy.dialects.sqlite.pysqlite.SQLiteDialect_pysqlite object at 0x106ac1160>
cursor = <sqlite3.Cursor object at 0x10775db40>
statement = 'CREATE INDEX ix_game_sessions_answer_word ON game_sessions (answer_word)'
parameters = ()
context = <sqlalchemy.dialects.sqlite.base.SQLiteExecutionContext object at 0x106ad86e0>

    def do_execute(self, cursor, statement, parameters, context=None):
>       cursor.execute(statement, parameters)
E       sqlite3.OperationalError: index ix_game_sessions_answer_word already exists

venv/lib/python3.12/site-packages/sqlalchemy/engine/default.py:922: OperationalError

The above exception was the direct cause of the following exception:

request = <SubRequest '_configure_application' for <Function test_login_wrong_email>>
monkeypatch = <_pytest.monkeypatch.MonkeyPatch object at 0x106a376e0>

    @pytest.fixture(autouse=True)
    def _configure_application(request, monkeypatch):
        """Use `pytest.mark.options` decorator to pass options to your application
        factory::
    
            @pytest.mark.options(debug=False)
            def test_something(app):
                assert not app.debug, 'the application works not in debug mode!'
    
        """
        if "app" not in request.fixturenames:
            return
    
>       app = getfixturevalue(request, "app")

venv/lib/python3.12/site-packages/pytest_flask/plugin.py:124: 
_ _ _ _ _ _ _ _ _ _ _ _ _ _ _ _ _ _ _ _ _ _ _ _ _ _ _ _ _ _ _ _ _ _ _ _ _ _ _ _ 
venv/lib/python3.12/site-packages/pytest_flask/pytest_compat.py:3: in getfixturevalue
    return request.getfixturevalue(value)
tests/conftest.py:22: in app
    db.create_all()
venv/lib/python3.12/site-packages/flask_sqlalchemy/extension.py:900: in create_all
    self._call_for_binds(bind_key, "create_all")
venv/lib/python3.12/site-packages/flask_sqlalchemy/extension.py:881: in _call_for_binds
    getattr(metadata, op_name)(bind=engine)
[...]
auth.register                  OPTIONS,POST         /api/auth/register
auth.login                     OPTIONS,POST         /api/auth/login
auth.refresh                   OPTIONS,POST         /api/auth/refresh
auth.get_current_user          GET,HEAD,OPTIONS     /api/auth/me
game.get_daily_puzzle          GET,HEAD,OPTIONS     /api/game/daily/<game_mode>
game.submit_guess              OPTIONS,POST         /api/game/guess
game.get_game_session          GET,HEAD,OPTIONS     /api/game/session/<int:session_id>
game.validate_word             OPTIONS,POST         /api/game/validate
game.get_game_history          GET,HEAD,OPTIONS     /api/game/history/<game_mode>
game.get_game_modes            GET,HEAD,OPTIONS     /api/game/modes
game.get_game_status           GET,HEAD,OPTIONS     /api/game/status/<game_mode>
game.start_new_game            OPTIONS,POST         /api/game/new/<game_mode>
stats.get_user_stats           GET,HEAD,OPTIONS     /api/stats/user/<int:user_id>
stats.get_my_stats             GET,HEAD,OPTIONS     /api/stats/me
stats.get_leaderboard          GET,HEAD,OPTIONS     /api/stats/leaderboard/<game_mode>
stats.get_global_stats         GET,HEAD,OPTIONS     /api/stats/global/<game_mode>
stats.get_user_rank            GET,HEAD,OPTIONS     /api/stats/rank/<game_mode>
stats.get_streak_analysis      GET,HEAD,OPTIONS     /api/stats/streak/<game_mode>
stats.get_stats_summary        GET,HEAD,OPTIONS     /api/stats/summary
health.health_check            GET,HEAD,OPTIONS     /api/health
health.metrics                 GET,HEAD,OPTIONS     /api/metrics
main.index                     GET,HEAD,OPTIONS     /
main.auth_login                GET,HEAD,OPTIONS     /auth/login
main.auth_register             GET,HEAD,OPTIONS     /auth/register
main.game                      GET,HEAD,OPTIONS     /game
main.stats                     GET,HEAD,OPTIONS     /stats
main.history                   GET,HEAD,OPTIONS     /history

________________ ERROR at setup of TestUserModel.test_user_repr ________________

self = <sqlalchemy.engine.base.Connection object at 0x107467680>
dialect = <sqlalchemy.dialects.sqlite.pysqlite.SQLiteDialect_pysqlite object at 0x1074896a0>
context = <sqlalchemy.dialects.sqlite.base.SQLiteExecutionContext object at 0x107467c20>
statement = <sqlalchemy.dialects.sqlite.base.SQLiteDDLCompiler object at 0x1074671d0>
parameters = [()]

    def _exec_single_context(
        self,
        dialect: Dialect,
        context: ExecutionContext,
        statement: Union[str, Compiled],
        parameters: Optional[_AnyMultiExecuteParams],
    ) -> CursorResult[Any]:
        """continue the _execute_context() method for a single DBAPI
        cursor.execute() or cursor.executemany() call.
    
        """
        if dialect.bind_typing is BindTyping.SETINPUTSIZES:
            generic_setinputsizes = context._prepare_set_input_sizes()
    
            if generic_setinputsizes:
                try:
                    dialect.do_set_input_sizes(
                        context.cursor, generic_setinputsizes, context
                    )
                except BaseException as e:
                    self._handle_dbapi_exception(
                        e, str(statement), parameters, None, context
                    )
    
        cursor, str_statement, parameters = (
            context.cursor,
            context.statement,
            context.parameters,
        )
    
        effective_parameters: Optional[_AnyExecuteParams]
    
        if not context.executemany:
            effective_parameters = parameters[0]
        else:
            effective_parameters = parameters
    
        if self._has_events or self.engine._has_events:
            for fn in self.dispatch.before_cursor_execute:
                str_statement, effective_parameters = fn(
                    self,
                    cursor,
                    str_statement,
                    effective_parameters,
                    context,
                    context.executemany,
                )
    
        if self._echo:
            self._log_info(str_statement)
    
            stats = context._get_cache_stats()
    
            if not self.engine.hide_parameters:
                self._log_info(
                    "[%s] %r",
                    stats,
                    sql_util._repr_params(
                        effective_parameters,
                        batches=10,
                        ismulti=context.executemany,
                    ),
                )
            else:
                self._log_info(
                    "[%s] [SQL parameters hidden due to hide_parameters=True]",
                    stats,
                )
    
        evt_handled: bool = False
        try:
            if context.execute_style is ExecuteStyle.EXECUTEMANY:
                effective_parameters = cast(
                    "_CoreMultiExecuteParams", effective_parameters
                )
                if self.dialect._has_events:
                    for fn in self.dialect.dispatch.do_executemany:
                        if fn(
                            cursor,
                            str_statement,
                            effective_parameters,
                            context,
                        ):
                            evt_handled = True
                            break
                if not evt_handled:
                    self.dialect.do_executemany(
                        cursor,
                        str_statement,
                        effective_parameters,
                        context,
                    )
            elif not effective_parameters and context.no_parameters:
                if self.dialect._has_events:
                    for fn in self.dialect.dispatch.do_execute_no_params:
                        if fn(cursor, str_statement, context):
                            evt_handled = True
                            break
                if not evt_handled:
                    self.dialect.do_execute_no_params(
                        cursor, str_statement, context
                    )
            else:
                effective_parameters = cast(
                    "_CoreSingleExecuteParams", effective_parameters
                )
                if self.dialect._has_events:
                    for fn in self.dialect.dispatch.do_execute:
                        if fn(
                            cursor,
                            str_statement,
                            effective_parameters,
                            context,
                        ):
                            evt_handled = True
                            break
                if not evt_handled:
>                   self.dialect.do_execute(
                        cursor, str_statement, effective_parameters, context
                    )

venv/lib/python3.12/site-packages/sqlalchemy/engine/base.py:1969: 
_ _ _ _ _ _ _ _ _ _ _ _ _ _ _ _ _ _ _ _ _ _ _ _ _ _ _ _ _ _ _ _ _ _ _ _ _ _ _ _ 

self = <sqlalchemy.dialects.sqlite.pysqlite.SQLiteDialect_pysqlite object at 0x1074896a0>
cursor = <sqlite3.Cursor object at 0x107b13dc0>
statement = 'CREATE INDEX ix_game_sessions_answer_word ON game_sessions (answer_word)'
parameters = ()
context = <sqlalchemy.dialects.sqlite.base.SQLiteExecutionContext object at 0x107467c20>

    def do_execute(self, cursor, statement, parameters, context=None):
>       cursor.execute(statement, parameters)
E       sqlite3.OperationalError: index ix_game_sessions_answer_word already exists

venv/lib/python3.12/site-packages/sqlalchemy/engine/default.py:922: OperationalError

The above exception was the direct cause of the following exception:

request = <SubRequest '_configure_application' for <Function test_user_repr>>
monkeypatch = <_pytest.monkeypatch.MonkeyPatch object at 0x107489b50>

    @pytest.fixture(autouse=True)
    def _configure_application(request, monkeypatch):
        """Use `pytest.mark.options` decorator to pass options to your application
        factory::
    
            @pytest.mark.options(debug=False)
            def test_something(app):
                assert not app.debug, 'the application works not in debug mode!'
    
        """
        if "app" not in request.fixturenames:
            return
    
>       app = getfixturevalue(request, "app")

venv/lib/python3.12/site-packages/pytest_flask/plugin.py:124: 
_ _ _ _ _ _ _ _ _ _ _ _ _ _ _ _ _ _ _ _ _ _ _ _ _ _ _ _ _ _ _ _ _ _ _ _ _ _ _ _ 
venv/lib/python3.12/site-packages/pytest_flask/pytest_compat.py:3: in getfixturevalue
    return request.getfixturevalue(value)
tests/conftest.py:22: in app
    db.create_all()
venv/lib/python3.12/site-packages/flask_sqlalchemy/extension.py:900: in create_all
    self._call_for_binds(bind_key, "create_all")
venv/lib/python3.12/site-packages/flask_sqlalchemy/extension.py:881: in _call_for_binds
    getattr(metadata, op_name)(bind=engine)
venv/lib/python3.12/site-packages/sqlalchemy/sql/schema.py:5828: in create_all
    bind._run_ddl_visitor(
venv/lib/python3.12/site-packages/sqlalchemy/engine/base.py:3243: in _run_ddl_visitor
    conn._run_ddl_visitor(visitorcallable, element, **kwargs)
venv/lib/python3.12/site-packages/sqlalchemy/engine/base.py:2447: in _run_ddl_visitor
    visitorcallable(self.dialect, self, **kwargs).traverse_single(element)
venv/lib/python3.12/site-packages/sqlalchemy/sql/visitors.py:671: in traverse_single
    return meth(obj, **kw)
venv/lib/python3.12/site-packages/sqlalchemy/sql/ddl.py:919: in visit_metadata
    self.traverse_single(
venv/lib/python3.12/site-packages/sqlalchemy/sql/visitors.py:671: in traverse_single
    return meth(obj, **kw)
venv/lib/python3.12/site-packages/sqlalchemy/sql/ddl.py:961: in visit_table
    self.traverse_single(index, create_ok=True)
venv/lib/python3.12/site-packages/sqlalchemy/sql/visitors.py:671: in traverse_single
    return meth(obj, **kw)
venv/lib/python3.12/site-packages/sqlalchemy/sql/ddl.py:998: in visit_index
    CreateIndex(index)._invoke_with(self.connection)
venv/lib/python3.12/site-packages/sqlalchemy/sql/ddl.py:315: in _invoke_with
    return bind.execute(self)
venv/lib/python3.12/site-packages/sqlalchemy/engine/base.py:1416: in execute
    return meth(
venv/lib/python3.12/site-packages/sqlalchemy/sql/ddl.py:181: in _execute_on_connection
    return connection._execute_ddl(
venv/lib/python3.12/site-packages/sqlalchemy/engine/base.py:1528: in _execute_ddl
    ret = self._execute_context(
venv/lib/python3.12/site-packages/sqlalchemy/engine/base.py:1848: in _execute_context
    return self._exec_single_context(
venv/lib/python3.12/site-packages/sqlalchemy/engine/base.py:1988: in _exec_single_context
    self._handle_dbapi_exception(
venv/lib/python3.12/site-packages/sqlalchemy/engine/base.py:2343: in _handle_dbapi_exception
    raise sqlalchemy_exception.with_traceback(exc_info[2]) from e
venv/lib/python3.12/site-packages/sqlalchemy/engine/base.py:1969: in _exec_single_context
    self.dialect.do_execute(
_ _ _ _ _ _ _ _ _ _ _ _ _ _ _ _ _ _ _ _ _ _ _ _ _ _ _ _ _ _ _ _ _ _ _ _ _ _ _ _ 

self = <sqlalchemy.dialects.sqlite.pysqlite.SQLiteDialect_pysqlite object at 0x1074896a0>
cursor = <sqlite3.Cursor object at 0x107b13dc0>
statement = 'CREATE INDEX ix_game_sessions_answer_word ON game_sessions (answer_word)'
parameters = ()
context = <sqlalchemy.dialects.sqlite.base.SQLiteExecutionContext object at 0x107467c20>

    def do_execute(self, cursor, statement, parameters, context=None):
>       cursor.execute(statement, parameters)
E       sqlalchemy.exc.OperationalError: (sqlite3.OperationalError) index ix_game_sessions_answer_word already exists
E       [SQL: CREATE INDEX ix_game_sessions_answer_word ON game_sessions (answer_word)]
E       (Background on this error at: https://sqlalche.me/e/20/e3q8)

venv/lib/python3.12/site-packages/sqlalchemy/engine/default.py:922: OperationalError
---------------------------- Captured stdout setup -----------------------------

Registered routes:
static                         GET,HEAD,OPTIONS     /static/<path:filename>
auth.register                  OPTIONS,POST         /api/auth/register
auth.login                     OPTIONS,POST         /api/auth/login
auth.refresh                   OPTIONS,POST         /api/auth/refresh
auth.get_current_user          GET,HEAD,OPTIONS     /api/auth/me
game.get_daily_puzzle          GET,HEAD,OPTIONS     /api/game/daily/<game_mode>
game.submit_guess              OPTIONS,POST         /api/game/guess
game.get_game_session          GET,HEAD,OPTIONS     /api/game/session/<int:session_id>
game.validate_word             OPTIONS,POST         /api/game/validate
game.get_game_history          GET,HEAD,OPTIONS     /api/game/history/<game_mode>
game.get_game_modes            GET,HEAD,OPTIONS     /api/game/modes
game.get_game_status           GET,HEAD,OPTIONS     /api/game/status/<game_mode>
game.start_new_game            OPTIONS,POST         /api/game/new/<game_mode>
stats.get_user_stats           GET,HEAD,OPTIONS     /api/stats/user/<int:user_id>
stats.get_my_stats             GET,HEAD,OPTIONS     /api/stats/me
stats.get_leaderboard          GET,HEAD,OPTIONS     /api/stats/leaderboard/<game_mode>
stats.get_global_stats         GET,HEAD,OPTIONS     /api/stats/global/<game_mode>
stats.get_user_rank            GET,HEAD,OPTIONS     /api/stats/rank/<game_mode>
stats.get_streak_analysis      GET,HEAD,OPTIONS     /api/stats/streak/<game_mode>
stats.get_stats_summary        GET,HEAD,OPTIONS     /api/stats/summary
health.health_check            GET,HEAD,OPTIONS     /api/health
health.metrics                 GET,HEAD,OPTIONS     /api/metrics
main.index                     GET,HEAD,OPTIONS     /
main.auth_login                GET,HEAD,OPTIONS     /auth/login
main.auth_register             GET,HEAD,OPTIONS     /auth/register
main.game                      GET,HEAD,OPTIONS     /game
main.stats                     GET,HEAD,OPTIONS     /stats
main.history                   GET,HEAD,OPTIONS     /history

=============================== warnings summary ===============================
venv/lib/python3.12/site-packages/pydantic/fields.py:799: 18 warnings
  /Users/bwt/demo2/venv/lib/python3.12/site-packages/pydantic/fields.py:799: PydanticDeprecatedSince20: Using extra keyword arguments on `Field` is deprecated and will be removed. Use `json_schema_extra` instead. (Extra keys: 'env'). Deprecated in Pydantic V2.0 to be removed in V3.0. See Pydantic V2 Migration Guide at https://errors.pydantic.dev/2.5/migration/
    warn(

venv/lib/python3.12/site-packages/pydantic/_internal/_config.py:268
  /Users/bwt/demo2/venv/lib/python3.12/site-packages/pydantic/_internal/_config.py:268: PydanticDeprecatedSince20: Support for class-based `config` is deprecated, use ConfigDict instead. Deprecated in Pydantic V2.0 to be removed in V3.0. See Pydantic V2 Migration Guide at https://errors.pydantic.dev/2.5/migration/
    warnings.warn(DEPRECATION_MESSAGE, DeprecationWarning)

simple_test.py::test_user_model
  /Users/bwt/demo2/venv/lib/python3.12/site-packages/_pytest/python.py:198: PytestReturnNotNoneWarning: Expected None, but simple_test.py::test_user_model returned True, which will be an error in a future version of pytest.  Did you mean to use `assert` instead of `return`?
    warnings.warn(

simple_test.py::test_auth_service_logic
  /Users/bwt/demo2/venv/lib/python3.12/site-packages/_pytest/python.py:198: PytestReturnNotNoneWarning: Expected None, but simple_test.py::test_auth_service_logic returned True, which will be an error in a future version of pytest.  Did you mean to use `assert` instead of `return`?
    warnings.warn(

simple_test.py::test_flask_app_creation
  /Users/bwt/demo2/venv/lib/python3.12/site-packages/_pytest/python.py:198: PytestReturnNotNoneWarning: Expected None, but simple_test.py::test_flask_app_creation returned True, which will be an error in a future version of pytest.  Did you mean to use `assert` instead of `return`?
    warnings.warn(

-- Docs: https://docs.pytest.org/en/stable/how-to/capture-warnings.html
=========================== short test summary info ============================
ERROR tests/test_auth_api.py::TestAuthAPI::test_register_success - sqlalchemy...
ERROR tests/test_auth_api.py::TestAuthAPI::test_register_missing_fields - sql...
ERROR tests/test_auth_api.py::TestAuthAPI::test_register_invalid_email - sqla...
ERROR tests/test_auth_api.py::TestAuthAPI::test_register_duplicate_user - sql...
ERROR tests/test_auth_api.py::TestAuthAPI::test_register_no_json - sqlalchemy...
ERROR tests/test_auth_api.py::TestAuthAPI::test_login_success - sqlalchemy.ex...
ERROR tests/test_auth_api.py::TestAuthAPI::test_login_wrong_email - sqlalchem...
ERROR tests/test_auth_api.py::TestAuthAPI::test_login_wrong_password - sqlalc...
ERROR tests/test_auth_api.py::TestAuthAPI::test_login_missing_fields - sqlalc...
ERROR tests/test_auth_api.py::TestAuthAPI::test_get_current_user_success - sq...
ERROR tests/test_auth_api.py::TestAuthAPI::test_get_current_user_no_token - s...
ERROR tests/test_auth_api.py::TestAuthAPI::test_get_current_user_invalid_token
ERROR tests/test_auth_api.py::TestAuthAPI::test_refresh_token_success - sqlal...
ERROR tests/test_auth_api.py::TestAuthAPI::test_refresh_token_with_access_token
ERROR tests/test_auth_api.py::TestAuthAPI::test_refresh_token_no_token - sqla...
ERROR tests/test_auth_api.py::TestAuthAPI::test_api_response_format - sqlalch...
ERROR tests/test_auth_api.py::TestAuthAPI::test_validation_error_details - sq...
ERROR tests/test_auth_api.py::TestAuthAPI::test_cors_headers - sqlalchemy.exc...
ERROR tests/test_auth_api.py::TestAuthAPI::test_rate_limiting_headers - sqlal...
ERROR tests/test_auth_service.py::TestAuthService::test_register_user_success
ERROR tests/test_auth_service.py::TestAuthService::test_register_user_missing_fields
ERROR tests/test_auth_service.py::TestAuthService::test_register_user_duplicate_email
ERROR tests/test_auth_service.py::TestAuthService::test_register_user_duplicate_username
ERROR tests/test_auth_service.py::TestAuthService::test_register_user_invalid_password
ERROR tests/test_auth_service.py::TestAuthService::test_authenticate_user_success
ERROR tests/test_auth_service.py::TestAuthService::test_authenticate_user_wrong_email
ERROR tests/test_auth_service.py::TestAuthService::test_authenticate_user_wrong_password
ERROR tests/test_auth_service.py::TestAuthService::test_authenticate_user_inactive
ERROR tests/test_auth_service.py::TestAuthService::test_authenticate_user_missing_credentials
ERROR tests/test_auth_service.py::TestAuthService::test_get_user_by_id - sqla...
ERROR tests/test_auth_service.py::TestAuthService::test_get_user_by_id_not_found
ERROR tests/test_auth_service.py::TestAuthService::test_get_user_by_email - s...
ERROR tests/test_auth_service.py::TestAuthService::test_get_user_by_email_not_found
ERROR tests/test_auth_service.py::TestAuthService::test_change_password_success
ERROR tests/test_auth_service.py::TestAuthService::test_change_password_wrong_current
ERROR tests/test_auth_service.py::TestAuthService::test_change_password_invalid_new_password
ERROR tests/test_user_model.py::TestUserModel::test_user_creation - sqlalchem...
ERROR tests/test_user_model.py::TestUserModel::test_email_validation_valid - ...
ERROR tests/test_user_model.py::TestUserModel::test_email_validation_invalid
ERROR tests/test_user_model.py::TestUserModel::test_username_validation_valid
ERROR tests/test_user_model.py::TestUserModel::test_username_validation_invalid
ERROR tests/test_user_model.py::TestUserModel::test_password_validation_valid
ERROR tests/test_user_model.py::TestUserModel::test_password_validation_invalid
ERROR tests/test_user_model.py::TestUserModel::test_password_hashing - sqlalc...
ERROR tests/test_user_model.py::TestUserModel::test_to_dict_excludes_sensitive
ERROR tests/test_user_model.py::TestUserModel::test_user_repr - sqlalchemy.ex...
================== 3 passed, 22 warnings, 46 errors in 6.86s ===================
